This file contains any messages produced by compilers while
running configure, to aid debugging if configure makes a mistake.

It was created by helloworld configure 1.0, which was
generated by GNU Autoconf 2.71.  Invocation command line was

  $ ./configure --no-create --no-recursion

## --------- ##
## Platform. ##
## --------- ##

hostname = TDG-M0083.local
uname -m = x86_64
uname -r = 22.6.0
uname -s = Darwin
uname -v = Darwin Kernel Version 22.6.0: Wed Jul  5 22:21:56 PDT 2023; root:xnu-8796.141.3~6/RELEASE_X86_64

/usr/bin/uname -p = i386
/bin/uname -X     = unknown

/bin/arch              = unknown
/usr/bin/arch -k       = unknown
/usr/convex/getsysinfo = unknown
/usr/bin/hostinfo      = Mach kernel version:
	 Darwin Kernel Version 22.6.0: Wed Jul  5 22:21:56 PDT 2023; root:xnu-8796.141.3~6/RELEASE_X86_64
Kernel configured for up to 4 processors.
2 processors are physically available.
4 processors are logically available.
Processor type: x86_64h (Intel x86-64h Haswell)
Processors active: 0 1 2 3
Primary memory available: 16.00 gigabytes
Default processor set: 764 tasks, 4826 threads, 4 processors
Load average: 5.71, Mach factor: 0.47
/bin/machine           = unknown
/usr/bin/oslevel       = unknown
/bin/universe          = unknown

PATH: /Users/montreebungnasang/.rvm/gems/ruby-3.0.1/bin/
PATH: /Users/montreebungnasang/.rvm/gems/ruby-3.0.1@global/bin/
PATH: /Users/montreebungnasang/.rvm/rubies/ruby-3.0.1/bin/
PATH: /Users/montreebungnasang/dev/program/google-cloud-sdk/bin/
PATH: /Users/montreebungnasang/.nvm/versions/node/v14.18.1/bin/
PATH: /Users/montreebungnasang/.minishift/cache/oc/v3.11.0/darwin/
PATH: /Users/montreebungnasang/go/bin/
PATH: /Users/montreebungnasang/sdk/go1.21.1/bin/
PATH: /Users/montreebungnasang/.sdkman/candidates/scala/current/bin/
PATH: /Users/montreebungnasang/.sdkman/candidates/sbt/current/bin/
PATH: /Users/montreebungnasang/.sdkman/candidates/maven/current/bin/
PATH: /Users/montreebungnasang/.sdkman/candidates/kotlin/current/bin/
PATH: /Users/montreebungnasang/.sdkman/candidates/java/current/bin/
PATH: /Users/montreebungnasang/.sdkman/candidates/gradle/current/bin/
PATH: /Users/montreebungnasang/.cargo/bin/
PATH: /usr/bin/
PATH: /bin/
PATH: /usr/sbin/
PATH: /sbin/
PATH: /Applications/Visual Studio Code.app/Contents/Resources/app/bin/
PATH: /usr/local/bin/
PATH: /Users/montreebungnasang/dev/program/kafka_2.12-2.2.0/
PATH: /Users/montreebungnasang/.linkerd2/bin/
PATH: /Users/montreebungnasang/dev/program/istio-1.10.2/bin/
PATH: /Users/montreebungnasang/dev/program/flutter/bin/
PATH: /Users/montreebungnasang/bin/
PATH: /Users/montreebungnasang/dev/program/gatling-3.8.3/bin/
PATH: /Users/montreebungnasang/dev/program/flink-1.16.0/bin/
PATH: /Users/montreebungnasang/Library/Python/3.9/bin/
PATH: /Users/montreebungnasang/Library/Android/sdk/tools/
PATH: /Users/montreebungnasang/Library/Android/sdk/platform-tools/
PATH: /Users/montreebungnasang/.rvm/bin/
PATH: /Users/montreebungnasang/.rvm/bin/


## ----------- ##
## Core tests. ##
## ----------- ##

configure:2097: looking for aux files: compile missing install-sh
configure:2110:  trying ./
configure:2139:   ./compile found
configure:2139:   ./missing found
configure:2121:   ./install-sh found
configure:2268: checking for a BSD-compatible install
configure:2341: result: /usr/bin/install -c
configure:2352: checking whether build environment is sane
configure:2407: result: yes
configure:2566: checking for a race-free mkdir -p
configure:2610: result: /usr/local/bin/gmkdir -p
configure:2617: checking for gawk
configure:2652: result: no
configure:2617: checking for mawk
configure:2652: result: no
configure:2617: checking for nawk
configure:2652: result: no
configure:2617: checking for awk
configure:2638: found /usr/bin/awk
configure:2649: result: awk
configure:2660: checking whether make sets $(MAKE)
configure:2683: result: yes
configure:2713: checking whether make supports nested variables
configure:2731: result: yes
configure:2929: checking for gcc
configure:2950: found /usr/bin/gcc
configure:2961: result: gcc
configure:3314: checking for C compiler version
configure:3323: gcc --version >&5
Apple clang version 15.0.0 (clang-1500.0.40.1)
Target: x86_64-apple-darwin22.6.0
Thread model: posix
InstalledDir: /Library/Developer/CommandLineTools/usr/bin
configure:3334: $? = 0
configure:3323: gcc -v >&5
Apple clang version 15.0.0 (clang-1500.0.40.1)
Target: x86_64-apple-darwin22.6.0
Thread model: posix
InstalledDir: /Library/Developer/CommandLineTools/usr/bin
configure:3334: $? = 0
configure:3323: gcc -V >&5
clang: error: argument to '-V' is missing (expected 1 value)
clang: error: no input files
configure:3334: $? = 1
configure:3323: gcc -qversion >&5
clang: error: unknown argument '-qversion'; did you mean '--version'?
clang: error: no input files
configure:3334: $? = 1
configure:3323: gcc -version >&5
clang: error: unknown argument '-version'; did you mean '--version'?
clang: error: no input files
configure:3334: $? = 1
configure:3354: checking whether the C compiler works
configure:3376: gcc    conftest.c  >&5
configure:3380: $? = 0
configure:3430: result: yes
configure:3433: checking for C compiler default output file name
configure:3435: result: a.out
configure:3441: checking for suffix of executables
configure:3448: gcc -o conftest    conftest.c  >&5
configure:3452: $? = 0
configure:3475: result: 
configure:3497: checking whether we are cross compiling
configure:3505: gcc -o conftest    conftest.c  >&5
configure:3509: $? = 0
configure:3516: ./conftest
configure:3520: $? = 0
configure:3535: result: no
configure:3540: checking for suffix of object files
configure:3563: gcc -c   conftest.c >&5
configure:3567: $? = 0
configure:3589: result: o
configure:3593: checking whether the compiler supports GNU C
configure:3613: gcc -c   conftest.c >&5
configure:3613: $? = 0
configure:3623: result: yes
configure:3634: checking whether gcc accepts -g
configure:3655: gcc -c -g  conftest.c >&5
configure:3655: $? = 0
configure:3699: result: yes
configure:3719: checking for gcc option to enable C11 features
configure:3734: gcc  -c -g -O2  conftest.c >&5
conftest.c:25:14: warning: a function definition without a prototype is deprecated in all versions of C and is not supported in C2x [-Wdeprecated-non-prototype]
static char *e (p, i)
             ^
1 warning generated.
configure:3734: $? = 0
configure:3752: result: none needed
configure:3868: checking whether gcc understands -c and -o together
configure:3891: gcc -c conftest.c -o conftest2.o
configure:3894: $? = 0
configure:3891: gcc -c conftest.c -o conftest2.o
configure:3894: $? = 0
configure:3906: result: yes
configure:3926: checking whether make supports the include directive
configure:3941: make -f confmf.GNU && cat confinc.out
this is the am__doit target
configure:3944: $? = 0
configure:3963: result: yes (GNU style)
configure:3989: checking dependency style of gcc
configure:4101: result: gcc3
configure:4229: checking that generated files are newer than configure
configure:4235: result: done
configure:4258: creating ./config.status

## ---------------- ##
## Cache variables. ##
## ---------------- ##

ac_cv_c_compiler_gnu=yes
ac_cv_env_CC_set=
ac_cv_env_CC_value=
ac_cv_env_CFLAGS_set=
ac_cv_env_CFLAGS_value=
ac_cv_env_CPPFLAGS_set=
ac_cv_env_CPPFLAGS_value=
ac_cv_env_LDFLAGS_set=
ac_cv_env_LDFLAGS_value=
ac_cv_env_LIBS_set=
ac_cv_env_LIBS_value=
ac_cv_env_build_alias_set=
ac_cv_env_build_alias_value=
ac_cv_env_host_alias_set=
ac_cv_env_host_alias_value=
ac_cv_env_target_alias_set=
ac_cv_env_target_alias_value=
ac_cv_objext=o
ac_cv_path_install='/usr/bin/install -c'
ac_cv_path_mkdir=/usr/local/bin/gmkdir
ac_cv_prog_AWK=awk
ac_cv_prog_ac_ct_CC=gcc
ac_cv_prog_cc_c11=
ac_cv_prog_cc_g=yes
ac_cv_prog_cc_stdc=
ac_cv_prog_make_make_set=yes
am_cv_CC_dependencies_compiler_type=gcc3
am_cv_make_support_nested_variables=yes
am_cv_prog_cc_c_o=yes

## ----------------- ##
## Output variables. ##
## ----------------- ##

ACLOCAL='${SHELL} '\''/Users/montreebungnasang/dev/playground/c/hello-make/missing'\'' aclocal-1.16'
AMDEPBACKSLASH='\'
AMDEP_FALSE='#'
AMDEP_TRUE=''
AMTAR='$${TAR-tar}'
AM_BACKSLASH='\'
AM_DEFAULT_V='$(AM_DEFAULT_VERBOSITY)'
AM_DEFAULT_VERBOSITY='1'
AM_V='$(V)'
AUTOCONF='${SHELL} '\''/Users/montreebungnasang/dev/playground/c/hello-make/missing'\'' autoconf'
AUTOHEADER='${SHELL} '\''/Users/montreebungnasang/dev/playground/c/hello-make/missing'\'' autoheader'
AUTOMAKE='${SHELL} '\''/Users/montreebungnasang/dev/playground/c/hello-make/missing'\'' automake-1.16'
AWK='awk'
CC='gcc'
CCDEPMODE='depmode=gcc3'
CFLAGS='-g -O2'
CPPFLAGS=''
CSCOPE='cscope'
CTAGS='ctags'
CYGPATH_W='echo'
DEFS='-DHAVE_CONFIG_H'
DEPDIR='.deps'
ECHO_C='\c'
ECHO_N=''
ECHO_T=''
ETAGS='etags'
EXEEXT=''
INSTALL_DATA='${INSTALL} -m 644'
INSTALL_PROGRAM='${INSTALL}'
INSTALL_SCRIPT='${INSTALL}'
INSTALL_STRIP_PROGRAM='$(install_sh) -c -s'
LDFLAGS=''
LIBOBJS=''
LIBS=''
LTLIBOBJS=''
MAKEINFO='${SHELL} '\''/Users/montreebungnasang/dev/playground/c/hello-make/missing'\'' makeinfo'
MKDIR_P='/usr/local/bin/gmkdir -p'
OBJEXT='o'
PACKAGE='helloworld'
PACKAGE_BUGREPORT='bug-automake@gnu.org'
PACKAGE_NAME='helloworld'
PACKAGE_STRING='helloworld 1.0'
PACKAGE_TARNAME='helloworld'
PACKAGE_URL=''
PACKAGE_VERSION='1.0'
PATH_SEPARATOR=':'
SET_MAKE=''
SHELL='/bin/sh'
STRIP=''
VERSION='1.0'
ac_ct_CC='gcc'
am__EXEEXT_FALSE=''
am__EXEEXT_TRUE='#'
am__fastdepCC_FALSE='#'
am__fastdepCC_TRUE=''
am__include='include'
am__isrc=''
am__leading_dot='.'
am__nodep='_no'
am__quote=''
am__tar='$${TAR-tar} chof - "$$tardir"'
am__untar='$${TAR-tar} xf -'
bindir='${exec_prefix}/bin'
build_alias=''
datadir='${datarootdir}'
datarootdir='${prefix}/share'
docdir='${datarootdir}/doc/${PACKAGE_TARNAME}'
dvidir='${docdir}'
exec_prefix='${prefix}'
host_alias=''
htmldir='${docdir}'
includedir='${prefix}/include'
infodir='${datarootdir}/info'
install_sh='${SHELL} /Users/montreebungnasang/dev/playground/c/hello-make/install-sh'
libdir='${exec_prefix}/lib'
libexecdir='${exec_prefix}/libexec'
localedir='${datarootdir}/locale'
localstatedir='${prefix}/var'
mandir='${datarootdir}/man'
mkdir_p='$(MKDIR_P)'
oldincludedir='/usr/include'
pdfdir='${docdir}'
prefix='/usr/local'
program_transform_name='s,x,x,'
psdir='${docdir}'
runstatedir='${localstatedir}/run'
sbindir='${exec_prefix}/sbin'
sharedstatedir='${prefix}/com'
sysconfdir='${prefix}/etc'
target_alias=''

## ----------- ##
## confdefs.h. ##
## ----------- ##

/* confdefs.h */
#define PACKAGE_NAME "helloworld"
#define PACKAGE_TARNAME "helloworld"
#define PACKAGE_VERSION "1.0"
#define PACKAGE_STRING "helloworld 1.0"
#define PACKAGE_BUGREPORT "bug-automake@gnu.org"
#define PACKAGE_URL ""
#define PACKAGE "helloworld"
#define VERSION "1.0"

configure: exit 0

## ---------------------- ##
## Running config.status. ##
## ---------------------- ##

This file was extended by helloworld config.status 1.0, which was
generated by GNU Autoconf 2.71.  Invocation command line was

  CONFIG_FILES    = 
  CONFIG_HEADERS  = 
  CONFIG_LINKS    = 
  CONFIG_COMMANDS = 
  $ ./config.status 

on TDG-M0083.local

config.status:837: creating Makefile
config.status:837: creating src/Makefile
config.status:837: creating config.h
config.status:1018: config.h is unchanged
config.status:1066: executing depfiles commands
config.status:1143: cd src       && sed -e '/# am--include-marker/d' Makefile         | make -f - am--depfiles
make[3]: Entering directory `/Users/montreebungnasang/dev/playground/c/hello-make/src'
make[3]: Leaving directory `/Users/montreebungnasang/dev/playground/c/hello-make/src'
config.status:1148: $? = 0

## ---------------------- ##
## Running config.status. ##
## ---------------------- ##

This file was extended by helloworld config.status 1.0, which was
generated by GNU Autoconf 2.71.  Invocation command line was

  CONFIG_FILES    = 
  CONFIG_HEADERS  = 
  CONFIG_LINKS    = 
  CONFIG_COMMANDS = 
  $ ./config.status src/Makefile depfiles

on TDG-M0083.local

config.status:837: creating src/Makefile
config.status:1066: executing depfiles commands
config.status:1143: cd src       && sed -e '/# am--include-marker/d' Makefile         | make -f - am--depfiles
make[2]: Nothing to be done for `am--depfiles'.
config.status:1148: $? = 0
